13-Feb-2023 20:43:18.184 INFO [main] org.apache.catalina.startup.VersionLoggerListener.log Server version name:   Apache Tomcat/9.0.71
13-Feb-2023 20:43:18.195 INFO [main] org.apache.catalina.startup.VersionLoggerListener.log Server built:          Jan 9 2023 22:33:01 UTC
13-Feb-2023 20:43:18.197 INFO [main] org.apache.catalina.startup.VersionLoggerListener.log Server version number: 9.0.71.0
13-Feb-2023 20:43:18.197 INFO [main] org.apache.catalina.startup.VersionLoggerListener.log OS Name:               Windows 10
13-Feb-2023 20:43:18.198 INFO [main] org.apache.catalina.startup.VersionLoggerListener.log Версия ОС:             10.0
13-Feb-2023 20:43:18.207 INFO [main] org.apache.catalina.startup.VersionLoggerListener.log Архитектура:           amd64
13-Feb-2023 20:43:18.213 INFO [main] org.apache.catalina.startup.VersionLoggerListener.log Java Home:             C:\Users\Mur Mur\.jdks\openjdk-18.0.2.1
13-Feb-2023 20:43:18.215 INFO [main] org.apache.catalina.startup.VersionLoggerListener.log Версия JVM:            18.0.2.1+1-1
13-Feb-2023 20:43:18.224 INFO [main] org.apache.catalina.startup.VersionLoggerListener.log JVM Vendor:            Oracle Corporation
13-Feb-2023 20:43:18.225 INFO [main] org.apache.catalina.startup.VersionLoggerListener.log CATALINA_BASE:         D:\install\apache-tomcat-9.0.71-windows-x64\apache-tomcat-9.0.71
13-Feb-2023 20:43:18.226 INFO [main] org.apache.catalina.startup.VersionLoggerListener.log CATALINA_HOME:         D:\install\apache-tomcat-9.0.71-windows-x64\apache-tomcat-9.0.71
13-Feb-2023 20:43:18.252 INFO [main] org.apache.catalina.startup.VersionLoggerListener.log Command line argument: --add-opens=java.base/java.lang=ALL-UNNAMED
13-Feb-2023 20:43:18.253 INFO [main] org.apache.catalina.startup.VersionLoggerListener.log Command line argument: --add-opens=java.base/java.io=ALL-UNNAMED
13-Feb-2023 20:43:18.253 INFO [main] org.apache.catalina.startup.VersionLoggerListener.log Command line argument: --add-opens=java.base/java.util=ALL-UNNAMED
13-Feb-2023 20:43:18.254 INFO [main] org.apache.catalina.startup.VersionLoggerListener.log Command line argument: --add-opens=java.base/java.util.concurrent=ALL-UNNAMED
13-Feb-2023 20:43:18.254 INFO [main] org.apache.catalina.startup.VersionLoggerListener.log Command line argument: --add-opens=java.rmi/sun.rmi.transport=ALL-UNNAMED
13-Feb-2023 20:43:18.255 INFO [main] org.apache.catalina.startup.VersionLoggerListener.log Command line argument: -Djava.util.logging.config.file=D:\install\apache-tomcat-9.0.71-windows-x64\apache-tomcat-9.0.71\conf\logging.properties
13-Feb-2023 20:43:18.256 INFO [main] org.apache.catalina.startup.VersionLoggerListener.log Command line argument: -Djava.util.logging.manager=org.apache.juli.ClassLoaderLogManager
13-Feb-2023 20:43:18.258 INFO [main] org.apache.catalina.startup.VersionLoggerListener.log Command line argument: -Djdk.tls.ephemeralDHKeySize=2048
13-Feb-2023 20:43:18.259 INFO [main] org.apache.catalina.startup.VersionLoggerListener.log Command line argument: -Djava.protocol.handler.pkgs=org.apache.catalina.webresources
13-Feb-2023 20:43:18.261 INFO [main] org.apache.catalina.startup.VersionLoggerListener.log Command line argument: -Dignore.endorsed.dirs=
13-Feb-2023 20:43:18.261 INFO [main] org.apache.catalina.startup.VersionLoggerListener.log Command line argument: -Dcatalina.base=D:\install\apache-tomcat-9.0.71-windows-x64\apache-tomcat-9.0.71
13-Feb-2023 20:43:18.262 INFO [main] org.apache.catalina.startup.VersionLoggerListener.log Command line argument: -Dcatalina.home=D:\install\apache-tomcat-9.0.71-windows-x64\apache-tomcat-9.0.71
13-Feb-2023 20:43:18.263 INFO [main] org.apache.catalina.startup.VersionLoggerListener.log Command line argument: -Djava.io.tmpdir=D:\install\apache-tomcat-9.0.71-windows-x64\apache-tomcat-9.0.71\temp
13-Feb-2023 20:43:18.284 INFO [main] org.apache.catalina.core.AprLifecycleListener.lifecycleEvent Loaded Apache Tomcat Native library [1.2.35] using APR version [1.7.0].
13-Feb-2023 20:43:18.285 INFO [main] org.apache.catalina.core.AprLifecycleListener.lifecycleEvent APR capabilities: IPv6 [true], sendfile [true], accept filters [false], random [true], UDS [true].
13-Feb-2023 20:43:18.285 INFO [main] org.apache.catalina.core.AprLifecycleListener.lifecycleEvent APR/OpenSSL configuration: useAprConnector [false], useOpenSSL [true]
13-Feb-2023 20:43:18.315 INFO [main] org.apache.catalina.core.AprLifecycleListener.initializeSSL OpenSSL successfully initialized [OpenSSL 1.1.1q  5 Jul 2022]
13-Feb-2023 20:43:18.707 INFO [main] org.apache.coyote.AbstractProtocol.init Initializing ProtocolHandler ["http-nio-8080"]
13-Feb-2023 20:43:18.742 INFO [main] org.apache.catalina.startup.Catalina.load Server initialization in [1043] milliseconds
13-Feb-2023 20:43:18.816 INFO [main] org.apache.catalina.core.StandardService.startInternal Starting service [Catalina]
13-Feb-2023 20:43:18.816 INFO [main] org.apache.catalina.core.StandardEngine.startInternal Starting Servlet engine: [Apache Tomcat/9.0.71]
13-Feb-2023 20:43:18.834 INFO [main] org.apache.catalina.startup.HostConfig.deployDirectory Установка веб приложения в папку [D:\install\apache-tomcat-9.0.71-windows-x64\apache-tomcat-9.0.71\webapps\docs]
13-Feb-2023 20:43:19.200 INFO [main] org.apache.catalina.startup.HostConfig.deployDirectory Deployment of web application directory [D:\install\apache-tomcat-9.0.71-windows-x64\apache-tomcat-9.0.71\webapps\docs] has finished in [364] ms
13-Feb-2023 20:43:19.200 INFO [main] org.apache.catalina.startup.HostConfig.deployDirectory Установка веб приложения в папку [D:\install\apache-tomcat-9.0.71-windows-x64\apache-tomcat-9.0.71\webapps\examples]
13-Feb-2023 20:43:19.656 INFO [main] org.apache.catalina.startup.HostConfig.deployDirectory Deployment of web application directory [D:\install\apache-tomcat-9.0.71-windows-x64\apache-tomcat-9.0.71\webapps\examples] has finished in [456] ms
13-Feb-2023 20:43:19.656 INFO [main] org.apache.catalina.startup.HostConfig.deployDirectory Установка веб приложения в папку [D:\install\apache-tomcat-9.0.71-windows-x64\apache-tomcat-9.0.71\webapps\host-manager]
13-Feb-2023 20:43:19.696 INFO [main] org.apache.catalina.startup.HostConfig.deployDirectory Deployment of web application directory [D:\install\apache-tomcat-9.0.71-windows-x64\apache-tomcat-9.0.71\webapps\host-manager] has finished in [40] ms
13-Feb-2023 20:43:19.697 INFO [main] org.apache.catalina.startup.HostConfig.deployDirectory Установка веб приложения в папку [D:\install\apache-tomcat-9.0.71-windows-x64\apache-tomcat-9.0.71\webapps\manager]
13-Feb-2023 20:43:19.747 INFO [main] org.apache.catalina.startup.HostConfig.deployDirectory Deployment of web application directory [D:\install\apache-tomcat-9.0.71-windows-x64\apache-tomcat-9.0.71\webapps\manager] has finished in [49] ms
13-Feb-2023 20:43:19.747 INFO [main] org.apache.catalina.startup.HostConfig.deployDirectory Установка веб приложения в папку [D:\install\apache-tomcat-9.0.71-windows-x64\apache-tomcat-9.0.71\webapps\ROOT]
13-Feb-2023 20:43:19.779 INFO [main] org.apache.catalina.startup.HostConfig.deployDirectory Deployment of web application directory [D:\install\apache-tomcat-9.0.71-windows-x64\apache-tomcat-9.0.71\webapps\ROOT] has finished in [31] ms
13-Feb-2023 20:43:19.782 INFO [main] org.apache.coyote.AbstractProtocol.start Starting ProtocolHandler ["http-nio-8080"]
13-Feb-2023 20:43:19.833 INFO [main] org.apache.catalina.startup.Catalina.start Server startup in [1088] milliseconds
13-Feb-2023 20:43:19.843 SEVERE [main] org.apache.catalina.core.StandardServer.await Failed to create server shutdown socket on address [localhost] and port [8005] (base port [8005] and offset [0])
	java.net.BindException: Address already in use: bind
		at java.base/sun.nio.ch.Net.bind0(Native Method)
		at java.base/sun.nio.ch.Net.bind(Net.java:555)
		at java.base/sun.nio.ch.Net.bind(Net.java:544)
		at java.base/sun.nio.ch.NioSocketImpl.bind(NioSocketImpl.java:640)
		at java.base/java.net.ServerSocket.bind(ServerSocket.java:392)
		at java.base/java.net.ServerSocket.<init>(ServerSocket.java:274)
		at org.apache.catalina.core.StandardServer.await(StandardServer.java:580)
		at org.apache.catalina.startup.Catalina.await(Catalina.java:864)
		at org.apache.catalina.startup.Catalina.start(Catalina.java:810)
		at java.base/jdk.internal.reflect.DirectMethodHandleAccessor.invoke(DirectMethodHandleAccessor.java:104)
		at java.base/java.lang.reflect.Method.invoke(Method.java:577)
		at org.apache.catalina.startup.Bootstrap.start(Bootstrap.java:347)
		at org.apache.catalina.startup.Bootstrap.main(Bootstrap.java:478)
13-Feb-2023 20:43:19.844 INFO [main] org.apache.coyote.AbstractProtocol.pause Pausing ProtocolHandler ["http-nio-8080"]
13-Feb-2023 20:43:19.861 INFO [main] org.apache.catalina.core.StandardService.stopInternal Stopping service [Catalina]
13-Feb-2023 20:43:19.883 INFO [main] org.apache.coyote.AbstractProtocol.stop Stopping ProtocolHandler ["http-nio-8080"]
13-Feb-2023 20:43:19.899 INFO [main] org.apache.coyote.AbstractProtocol.destroy Destroying ProtocolHandler ["http-nio-8080"]
